0 info it worked if it ends with ok
1 verbose cli [ 'node', '/usr/local/bin/npm', 'install', 'jekyll', '2.4.0' ]
2 info using npm@2.1.1
3 info using node@v0.11.14
4 verbose cache add [ 'jekyll', null ]
5 verbose cache add spec="jekyll" args=["jekyll",null]
6 verbose parsed spec { raw: 'jekyll',
6 verbose parsed spec   scope: null,
6 verbose parsed spec   name: 'jekyll',
6 verbose parsed spec   rawSpec: '',
6 verbose parsed spec   spec: '*',
6 verbose parsed spec   type: 'range' }
7 verbose cache add [ '2.4.0', null ]
8 verbose cache add spec="2.4.0" args=["2.4.0",null]
9 verbose parsed spec { raw: '2.4.0',
9 verbose parsed spec   scope: null,
9 verbose parsed spec   name: '2.4.0',
9 verbose parsed spec   rawSpec: '',
9 verbose parsed spec   spec: '*',
9 verbose parsed spec   type: 'range' }
10 verbose parsed spec { raw: 'jekyll',
10 verbose parsed spec   scope: null,
10 verbose parsed spec   name: 'jekyll',
10 verbose parsed spec   rawSpec: '',
10 verbose parsed spec   spec: '*',
10 verbose parsed spec   type: 'range' }
11 verbose addNamed [ 'jekyll', '*' ]
12 verbose addNamed [ null, '*' ]
13 silly addNameRange { name: 'jekyll', range: '*', hasData: false }
14 verbose mapToRegistry name jekyll
15 verbose mapToRegistry uri https://registry.npmjs.org/jekyll
16 verbose parsed spec { raw: '2.4.0',
16 verbose parsed spec   scope: null,
16 verbose parsed spec   name: '2.4.0',
16 verbose parsed spec   rawSpec: '',
16 verbose parsed spec   spec: '*',
16 verbose parsed spec   type: 'range' }
17 verbose addNamed [ '2.4.0', '*' ]
18 verbose addNamed [ null, '*' ]
19 silly addNameRange { name: '2.4.0', range: '*', hasData: false }
20 verbose mapToRegistry name 2.4.0
21 verbose mapToRegistry uri https://registry.npmjs.org/2.4.0
22 verbose request on initialization, where is /jekyll
23 verbose request after pass 1, where is /jekyll
24 verbose request url raw /jekyll
25 verbose request resolving registry [ 'https://registry.npmjs.org/', './jekyll' ]
26 verbose request after pass 2, where is https://registry.npmjs.org/jekyll
27 verbose request no auth needed
28 info attempt registry request try #1 at 10:51:31
29 verbose request id 3670a1dce36e00d6
30 http request GET https://registry.npmjs.org/jekyll
31 verbose request on initialization, where is /2.4.0
32 verbose request after pass 1, where is /2.4.0
33 verbose request url raw /2.4.0
34 verbose request resolving registry [ 'https://registry.npmjs.org/', './2.4.0' ]
35 verbose request after pass 2, where is https://registry.npmjs.org/2.4.0
36 verbose request no auth needed
37 info attempt registry request try #1 at 10:51:31
38 http request GET https://registry.npmjs.org/2.4.0
39 http 404 https://registry.npmjs.org/jekyll
40 verbose headers { date: 'Thu, 18 Dec 2014 15:51:32 GMT',
40 verbose headers   server: 'CouchDB/1.5.0 (Erlang OTP/R16B03)',
40 verbose headers   'content-type': 'application/json',
40 verbose headers   'cache-control': 'max-age=0',
40 verbose headers   'content-length': '52',
40 verbose headers   'accept-ranges': 'bytes',
40 verbose headers   via: '1.1 varnish',
40 verbose headers   age: '0',
40 verbose headers   'x-served-by': 'cache-jfk1035-JFK',
40 verbose headers   'x-cache': 'MISS',
40 verbose headers   'x-cache-hits': '0',
40 verbose headers   'x-timer': 'S1418917892.022796,VS0,VE73',
40 verbose headers   connection: 'close' }
41 silly registry.get cb [ 404,
41 silly registry.get   { date: 'Thu, 18 Dec 2014 15:51:32 GMT',
41 silly registry.get     server: 'CouchDB/1.5.0 (Erlang OTP/R16B03)',
41 silly registry.get     'content-type': 'application/json',
41 silly registry.get     'cache-control': 'max-age=0',
41 silly registry.get     'content-length': '52',
41 silly registry.get     'accept-ranges': 'bytes',
41 silly registry.get     via: '1.1 varnish',
41 silly registry.get     age: '0',
41 silly registry.get     'x-served-by': 'cache-jfk1035-JFK',
41 silly registry.get     'x-cache': 'MISS',
41 silly registry.get     'x-cache-hits': '0',
41 silly registry.get     'x-timer': 'S1418917892.022796,VS0,VE73',
41 silly registry.get     connection: 'close' } ]
42 http 404 https://registry.npmjs.org/2.4.0
43 verbose headers { date: 'Thu, 18 Dec 2014 15:51:32 GMT',
43 verbose headers   server: 'CouchDB/1.5.0 (Erlang OTP/R14B04)',
43 verbose headers   'content-type': 'application/json',
43 verbose headers   'cache-control': 'max-age=0',
43 verbose headers   'content-length': '52',
43 verbose headers   'accept-ranges': 'bytes',
43 verbose headers   via: '1.1 varnish',
43 verbose headers   age: '0',
43 verbose headers   'x-served-by': 'cache-atl6223-ATL',
43 verbose headers   'x-cache': 'MISS',
43 verbose headers   'x-cache-hits': '0',
43 verbose headers   'x-timer': 'S1418917892.101171,VS0,VE121',
43 verbose headers   connection: 'close' }
44 silly registry.get cb [ 404,
44 silly registry.get   { date: 'Thu, 18 Dec 2014 15:51:32 GMT',
44 silly registry.get     server: 'CouchDB/1.5.0 (Erlang OTP/R14B04)',
44 silly registry.get     'content-type': 'application/json',
44 silly registry.get     'cache-control': 'max-age=0',
44 silly registry.get     'content-length': '52',
44 silly registry.get     'accept-ranges': 'bytes',
44 silly registry.get     via: '1.1 varnish',
44 silly registry.get     age: '0',
44 silly registry.get     'x-served-by': 'cache-atl6223-ATL',
44 silly registry.get     'x-cache': 'MISS',
44 silly registry.get     'x-cache-hits': '0',
44 silly registry.get     'x-timer': 'S1418917892.101171,VS0,VE121',
44 silly registry.get     connection: 'close' } ]
45 verbose stack Error: 404 Not Found: jekyll
45 verbose stack     at RegClient.<anonymous> (/usr/local/lib/node_modules/npm/node_modules/npm-registry-client/lib/request.js:258:14)
45 verbose stack     at Request._callback (/usr/local/lib/node_modules/npm/node_modules/npm-registry-client/lib/request.js:197:65)
45 verbose stack     at Request.self.callback (/usr/local/lib/node_modules/npm/node_modules/request/request.js:237:22)
45 verbose stack     at Request.emit (events.js:110:17)
45 verbose stack     at Request.<anonymous> (/usr/local/lib/node_modules/npm/node_modules/request/request.js:1146:14)
45 verbose stack     at Request.emit (events.js:129:20)
45 verbose stack     at IncomingMessage.<anonymous> (/usr/local/lib/node_modules/npm/node_modules/request/request.js:1097:12)
45 verbose stack     at IncomingMessage.emit (events.js:129:20)
45 verbose stack     at _stream_readable.js:907:16
45 verbose stack     at process._tickCallback (node.js:372:11)
46 verbose statusCode 404
47 verbose pkgid jekyll
48 verbose cwd /home/mu/hack/thoughts
49 error Linux 3.13.0-43-generic
50 error argv "node" "/usr/local/bin/npm" "install" "jekyll" "2.4.0"
51 error node v0.11.14
52 error npm  v2.1.1
53 error code E404
54 error 404 Not Found: jekyll
54 error 404
54 error 404 'jekyll' is not in the npm registry.
54 error 404 You should bug the author to publish it (or use the name yourself!)
54 error 404
54 error 404 Note that you can also install from a
54 error 404 tarball, folder, http url, or git url.
55 verbose exit [ 1, true ]
